<?xml version="1.0" encoding="UTF-8"?>
<!-- Generated by org.testng.reporters.JUnitReportReporter -->
<testsuite skipped="0" hostname="Prajaktaka-VD" name="Script.Main" tests="1" failures="0" timestamp="17 Jan 2024 06:48:11 GMT" time="26.037" errors="0">
  <testcase name="Testng" time="26.037" classname="Script.Main"/>
</testsuite> <!-- Script.Main -->
